[ERROR][aof.go:145] 2022/11/27 10:55:02 exec err [45 78 79 65 85 84 72 32 65 117 116 104 101 110 116 105 99 97 116 105 111 110 32 114 101 113 117 105 114 101 100 13 10]
[ERROR][aof.go:145] 2022/11/27 10:55:02 exec err [45 78 79 65 85 84 72 32 65 117 116 104 101 110 116 105 99 97 116 105 111 110 32 114 101 113 117 105 114 101 100 13 10]
[ERROR][aof.go:145] 2022/11/27 10:55:02 exec err [45 78 79 65 85 84 72 32 65 117 116 104 101 110 116 105 99 97 116 105 111 110 32 114 101 113 117 105 114 101 100 13 10]
[ERROR][aof.go:145] 2022/11/27 10:55:02 exec err [45 78 79 65 85 84 72 32 65 117 116 104 101 110 116 105 99 97 116 105 111 110 32 114 101 113 117 105 114 101 100 13 10]
[ERROR][aof.go:145] 2022/11/27 10:55:02 exec err [45 78 79 65 85 84 72 32 65 117 116 104 101 110 116 105 99 97 116 105 111 110 32 114 101 113 117 105 114 101 100 13 10]
[ERROR][aof.go:145] 2022/11/27 10:55:02 exec err [45 78 79 65 85 84 72 32 65 117 116 104 101 110 116 105 99 97 116 105 111 110 32 114 101 113 117 105 114 101 100 13 10]
[ERROR][aof.go:145] 2022/11/27 10:55:02 exec err [45 78 79 65 85 84 72 32 65 117 116 104 101 110 116 105 99 97 116 105 111 110 32 114 101 113 117 105 114 101 100 13 10]
[INFO][server.go:41] 2022/11/27 10:55:02 bid: 0.0.0.0:6370, start listening...
[INFO][server.go:70] 2022/11/27 10:55:24 accept link
[INFO][server.go:70] 2022/11/27 10:55:26 accept link
[ERROR][aof.go:145] 2022/11/27 10:55:33 exec err [45 78 79 65 85 84 72 32 65 117 116 104 101 110 116 105 99 97 116 105 111 110 32 114 101 113 117 105 114 101 100 13 10]
[ERROR][aof.go:145] 2022/11/27 10:55:33 exec err [45 78 79 65 85 84 72 32 65 117 116 104 101 110 116 105 99 97 116 105 111 110 32 114 101 113 117 105 114 101 100 13 10]
[ERROR][aof.go:145] 2022/11/27 10:55:33 exec err [45 78 79 65 85 84 72 32 65 117 116 104 101 110 116 105 99 97 116 105 111 110 32 114 101 113 117 105 114 101 100 13 10]
[ERROR][aof.go:145] 2022/11/27 10:55:33 exec err [45 78 79 65 85 84 72 32 65 117 116 104 101 110 116 105 99 97 116 105 111 110 32 114 101 113 117 105 114 101 100 13 10]
[ERROR][aof.go:145] 2022/11/27 10:55:33 exec err [45 78 79 65 85 84 72 32 65 117 116 104 101 110 116 105 99 97 116 105 111 110 32 114 101 113 117 105 114 101 100 13 10]
[ERROR][aof.go:145] 2022/11/27 10:55:33 exec err [45 78 79 65 85 84 72 32 65 117 116 104 101 110 116 105 99 97 116 105 111 110 32 114 101 113 117 105 114 101 100 13 10]
[ERROR][aof.go:145] 2022/11/27 10:55:33 exec err [45 78 79 65 85 84 72 32 65 117 116 104 101 110 116 105 99 97 116 105 111 110 32 114 101 113 117 105 114 101 100 13 10]
[ERROR][aof.go:145] 2022/11/27 10:56:16 exec err [45 78 79 65 85 84 72 32 65 117 116 104 101 110 116 105 99 97 116 105 111 110 32 114 101 113 117 105 114 101 100 13 10]
[ERROR][aof.go:145] 2022/11/27 10:56:25 exec err [45 78 79 65 85 84 72 32 65 117 116 104 101 110 116 105 99 97 116 105 111 110 32 114 101 113 117 105 114 101 100 13 10]
[ERROR][aof.go:145] 2022/11/27 10:56:25 exec err [45 78 79 65 85 84 72 32 65 117 116 104 101 110 116 105 99 97 116 105 111 110 32 114 101 113 117 105 114 101 100 13 10]
[ERROR][aof.go:145] 2022/11/27 10:56:26 exec err [45 78 79 65 85 84 72 32 65 117 116 104 101 110 116 105 99 97 116 105 111 110 32 114 101 113 117 105 114 101 100 13 10]
[ERROR][aof.go:145] 2022/11/27 10:56:26 exec err [45 78 79 65 85 84 72 32 65 117 116 104 101 110 116 105 99 97 116 105 111 110 32 114 101 113 117 105 114 101 100 13 10]
[ERROR][aof.go:145] 2022/11/27 10:56:26 exec err [45 78 79 65 85 84 72 32 65 117 116 104 101 110 116 105 99 97 116 105 111 110 32 114 101 113 117 105 114 101 100 13 10]
[ERROR][aof.go:145] 2022/11/27 10:56:27 exec err [45 78 79 65 85 84 72 32 65 117 116 104 101 110 116 105 99 97 116 105 111 110 32 114 101 113 117 105 114 101 100 13 10]
[ERROR][aof.go:145] 2022/11/27 10:56:27 exec err [45 78 79 65 85 84 72 32 65 117 116 104 101 110 116 105 99 97 116 105 111 110 32 114 101 113 117 105 114 101 100 13 10]
[ERROR][aof.go:145] 2022/11/27 10:56:27 exec err [45 78 79 65 85 84 72 32 65 117 116 104 101 110 116 105 99 97 116 105 111 110 32 114 101 113 117 105 114 101 100 13 10]
[ERROR][aof.go:145] 2022/11/27 10:56:27 exec err [45 78 79 65 85 84 72 32 65 117 116 104 101 110 116 105 99 97 116 105 111 110 32 114 101 113 117 105 114 101 100 13 10]
[ERROR][aof.go:145] 2022/11/27 10:56:27 exec err [45 78 79 65 85 84 72 32 65 117 116 104 101 110 116 105 99 97 116 105 111 110 32 114 101 113 117 105 114 101 100 13 10]
[ERROR][aof.go:145] 2022/11/27 10:56:27 exec err [45 78 79 65 85 84 72 32 65 117 116 104 101 110 116 105 99 97 116 105 111 110 32 114 101 113 117 105 114 101 100 13 10]
[ERROR][aof.go:145] 2022/11/27 10:56:27 exec err [45 78 79 65 85 84 72 32 65 117 116 104 101 110 116 105 99 97 116 105 111 110 32 114 101 113 117 105 114 101 100 13 10]
[ERROR][aof.go:145] 2022/11/27 10:56:27 exec err [45 78 79 65 85 84 72 32 65 117 116 104 101 110 116 105 99 97 116 105 111 110 32 114 101 113 117 105 114 101 100 13 10]
[ERROR][aof.go:145] 2022/11/27 10:56:27 exec err [45 78 79 65 85 84 72 32 65 117 116 104 101 110 116 105 99 97 116 105 111 110 32 114 101 113 117 105 114 101 100 13 10]
[ERROR][aof.go:145] 2022/11/27 10:56:28 exec err [45 78 79 65 85 84 72 32 65 117 116 104 101 110 116 105 99 97 116 105 111 110 32 114 101 113 117 105 114 101 100 13 10]
[ERROR][aof.go:145] 2022/11/27 10:56:28 exec err [45 78 79 65 85 84 72 32 65 117 116 104 101 110 116 105 99 97 116 105 111 110 32 114 101 113 117 105 114 101 100 13 10]
[ERROR][aof.go:145] 2022/11/27 10:56:28 exec err [45 78 79 65 85 84 72 32 65 117 116 104 101 110 116 105 99 97 116 105 111 110 32 114 101 113 117 105 114 101 100 13 10]
[ERROR][aof.go:145] 2022/11/27 10:56:28 exec err [45 78 79 65 85 84 72 32 65 117 116 104 101 110 116 105 99 97 116 105 111 110 32 114 101 113 117 105 114 101 100 13 10]
[ERROR][aof.go:145] 2022/11/27 10:56:28 exec err [45 78 79 65 85 84 72 32 65 117 116 104 101 110 116 105 99 97 116 105 111 110 32 114 101 113 117 105 114 101 100 13 10]
[ERROR][aof.go:145] 2022/11/27 10:56:28 exec err [45 78 79 65 85 84 72 32 65 117 116 104 101 110 116 105 99 97 116 105 111 110 32 114 101 113 117 105 114 101 100 13 10]
[ERROR][aof.go:145] 2022/11/27 10:56:28 exec err [45 78 79 65 85 84 72 32 65 117 116 104 101 110 116 105 99 97 116 105 111 110 32 114 101 113 117 105 114 101 100 13 10]
[ERROR][aof.go:145] 2022/11/27 10:56:28 exec err [45 78 79 65 85 84 72 32 65 117 116 104 101 110 116 105 99 97 116 105 111 110 32 114 101 113 117 105 114 101 100 13 10]
[ERROR][aof.go:145] 2022/11/27 10:56:28 exec err [45 78 79 65 85 84 72 32 65 117 116 104 101 110 116 105 99 97 116 105 111 110 32 114 101 113 117 105 114 101 100 13 10]
[ERROR][aof.go:145] 2022/11/27 10:56:28 exec err [45 78 79 65 85 84 72 32 65 117 116 104 101 110 116 105 99 97 116 105 111 110 32 114 101 113 117 105 114 101 100 13 10]
[ERROR][aof.go:145] 2022/11/27 10:56:28 exec err [45 78 79 65 85 84 72 32 65 117 116 104 101 110 116 105 99 97 116 105 111 110 32 114 101 113 117 105 114 101 100 13 10]
[ERROR][aof.go:145] 2022/11/27 10:56:28 exec err [45 78 79 65 85 84 72 32 65 117 116 104 101 110 116 105 99 97 116 105 111 110 32 114 101 113 117 105 114 101 100 13 10]
[ERROR][aof.go:145] 2022/11/27 10:56:28 exec err [45 78 79 65 85 84 72 32 65 117 116 104 101 110 116 105 99 97 116 105 111 110 32 114 101 113 117 105 114 101 100 13 10]
[ERROR][aof.go:145] 2022/11/27 10:56:29 exec err [45 78 79 65 85 84 72 32 65 117 116 104 101 110 116 105 99 97 116 105 111 110 32 114 101 113 117 105 114 101 100 13 10]
[ERROR][aof.go:145] 2022/11/27 10:56:29 exec err [45 78 79 65 85 84 72 32 65 117 116 104 101 110 116 105 99 97 116 105 111 110 32 114 101 113 117 105 114 101 100 13 10]
[ERROR][aof.go:145] 2022/11/27 10:56:29 exec err [45 78 79 65 85 84 72 32 65 117 116 104 101 110 116 105 99 97 116 105 111 110 32 114 101 113 117 105 114 101 100 13 10]
[ERROR][aof.go:145] 2022/11/27 10:56:29 exec err [45 78 79 65 85 84 72 32 65 117 116 104 101 110 116 105 99 97 116 105 111 110 32 114 101 113 117 105 114 101 100 13 10]
[ERROR][aof.go:145] 2022/11/27 10:56:29 exec err [45 78 79 65 85 84 72 32 65 117 116 104 101 110 116 105 99 97 116 105 111 110 32 114 101 113 117 105 114 101 100 13 10]
[ERROR][aof.go:145] 2022/11/27 10:56:29 exec err [45 78 79 65 85 84 72 32 65 117 116 104 101 110 116 105 99 97 116 105 111 110 32 114 101 113 117 105 114 101 100 13 10]
[ERROR][aof.go:145] 2022/11/27 10:56:29 exec err [45 78 79 65 85 84 72 32 65 117 116 104 101 110 116 105 99 97 116 105 111 110 32 114 101 113 117 105 114 101 100 13 10]
[ERROR][aof.go:145] 2022/11/27 10:56:29 exec err [45 78 79 65 85 84 72 32 65 117 116 104 101 110 116 105 99 97 116 105 111 110 32 114 101 113 117 105 114 101 100 13 10]
[ERROR][aof.go:145] 2022/11/27 10:56:33 exec err [45 78 79 65 85 84 72 32 65 117 116 104 101 110 116 105 99 97 116 105 111 110 32 114 101 113 117 105 114 101 100 13 10]
[ERROR][aof.go:145] 2022/11/27 10:56:33 exec err [45 78 79 65 85 84 72 32 65 117 116 104 101 110 116 105 99 97 116 105 111 110 32 114 101 113 117 105 114 101 100 13 10]
[ERROR][aof.go:145] 2022/11/27 10:56:33 exec err [45 78 79 65 85 84 72 32 65 117 116 104 101 110 116 105 99 97 116 105 111 110 32 114 101 113 117 105 114 101 100 13 10]
[ERROR][aof.go:145] 2022/11/27 10:56:33 exec err [45 78 79 65 85 84 72 32 65 117 116 104 101 110 116 105 99 97 116 105 111 110 32 114 101 113 117 105 114 101 100 13 10]
[ERROR][aof.go:145] 2022/11/27 10:56:33 exec err [45 78 79 65 85 84 72 32 65 117 116 104 101 110 116 105 99 97 116 105 111 110 32 114 101 113 117 105 114 101 100 13 10]
[ERROR][aof.go:145] 2022/11/27 10:56:33 exec err [45 78 79 65 85 84 72 32 65 117 116 104 101 110 116 105 99 97 116 105 111 110 32 114 101 113 117 105 114 101 100 13 10]
[ERROR][aof.go:145] 2022/11/27 10:56:33 exec err [45 78 79 65 85 84 72 32 65 117 116 104 101 110 116 105 99 97 116 105 111 110 32 114 101 113 117 105 114 101 100 13 10]
[ERROR][aof.go:145] 2022/11/27 10:56:33 exec err [45 78 79 65 85 84 72 32 65 117 116 104 101 110 116 105 99 97 116 105 111 110 32 114 101 113 117 105 114 101 100 13 10]
[ERROR][aof.go:145] 2022/11/27 10:56:33 exec err [45 78 79 65 85 84 72 32 65 117 116 104 101 110 116 105 99 97 116 105 111 110 32 114 101 113 117 105 114 101 100 13 10]
[ERROR][aof.go:145] 2022/11/27 10:56:33 exec err [45 78 79 65 85 84 72 32 65 117 116 104 101 110 116 105 99 97 116 105 111 110 32 114 101 113 117 105 114 101 100 13 10]
[ERROR][aof.go:145] 2022/11/27 11:01:56 exec err [45 78 79 65 85 84 72 32 65 117 116 104 101 110 116 105 99 97 116 105 111 110 32 114 101 113 117 105 114 101 100 13 10]
[ERROR][aof.go:145] 2022/11/27 11:01:56 exec err [45 78 79 65 85 84 72 32 65 117 116 104 101 110 116 105 99 97 116 105 111 110 32 114 101 113 117 105 114 101 100 13 10]
[ERROR][aof.go:145] 2022/11/27 11:01:56 exec err [45 78 79 65 85 84 72 32 65 117 116 104 101 110 116 105 99 97 116 105 111 110 32 114 101 113 117 105 114 101 100 13 10]
[ERROR][aof.go:145] 2022/11/27 11:01:56 exec err [45 78 79 65 85 84 72 32 65 117 116 104 101 110 116 105 99 97 116 105 111 110 32 114 101 113 117 105 114 101 100 13 10]
[ERROR][aof.go:145] 2022/11/27 11:01:56 exec err [45 78 79 65 85 84 72 32 65 117 116 104 101 110 116 105 99 97 116 105 111 110 32 114 101 113 117 105 114 101 100 13 10]
[ERROR][aof.go:145] 2022/11/27 11:01:56 exec err [45 78 79 65 85 84 72 32 65 117 116 104 101 110 116 105 99 97 116 105 111 110 32 114 101 113 117 105 114 101 100 13 10]
[ERROR][aof.go:145] 2022/11/27 11:01:56 exec err [45 78 79 65 85 84 72 32 65 117 116 104 101 110 116 105 99 97 116 105 111 110 32 114 101 113 117 105 114 101 100 13 10]
[ERROR][aof.go:145] 2022/11/27 11:01:56 exec err [45 78 79 65 85 84 72 32 65 117 116 104 101 110 116 105 99 97 116 105 111 110 32 114 101 113 117 105 114 101 100 13 10]
[ERROR][aof.go:145] 2022/11/27 11:01:56 exec err [45 78 79 65 85 84 72 32 65 117 116 104 101 110 116 105 99 97 116 105 111 110 32 114 101 113 117 105 114 101 100 13 10]
[ERROR][aof.go:145] 2022/11/27 11:01:56 exec err [45 78 79 65 85 84 72 32 65 117 116 104 101 110 116 105 99 97 116 105 111 110 32 114 101 113 117 105 114 101 100 13 10]
[ERROR][aof.go:145] 2022/11/27 11:01:56 exec err [45 78 79 65 85 84 72 32 65 117 116 104 101 110 116 105 99 97 116 105 111 110 32 114 101 113 117 105 114 101 100 13 10]
[INFO][server.go:51] 2022/11/27 11:02:25 shutting down...
[INFO][server.go:98] 2022/11/27 11:02:25 handler shutting down...
[INFO][server.go:64] 2022/11/27 11:02:25 connection closed: 127.0.0.1:42636
[INFO][server.go:98] 2022/11/27 11:02:25 handler shutting down...
[ERROR][aof.go:145] 2022/11/27 11:02:26 exec err [45 78 79 65 85 84 72 32 65 117 116 104 101 110 116 105 99 97 116 105 111 110 32 114 101 113 117 105 114 101 100 13 10]
[ERROR][aof.go:145] 2022/11/27 11:02:26 exec err [45 78 79 65 85 84 72 32 65 117 116 104 101 110 116 105 99 97 116 105 111 110 32 114 101 113 117 105 114 101 100 13 10]
[ERROR][aof.go:145] 2022/11/27 11:02:26 exec err [45 78 79 65 85 84 72 32 65 117 116 104 101 110 116 105 99 97 116 105 111 110 32 114 101 113 117 105 114 101 100 13 10]
[ERROR][aof.go:145] 2022/11/27 11:02:26 exec err [45 78 79 65 85 84 72 32 65 117 116 104 101 110 116 105 99 97 116 105 111 110 32 114 101 113 117 105 114 101 100 13 10]
[ERROR][aof.go:145] 2022/11/27 11:02:26 exec err [45 78 79 65 85 84 72 32 65 117 116 104 101 110 116 105 99 97 116 105 111 110 32 114 101 113 117 105 114 101 100 13 10]
[ERROR][aof.go:145] 2022/11/27 11:02:26 exec err [45 78 79 65 85 84 72 32 65 117 116 104 101 110 116 105 99 97 116 105 111 110 32 114 101 113 117 105 114 101 100 13 10]
[ERROR][aof.go:145] 2022/11/27 11:02:26 exec err [45 78 79 65 85 84 72 32 65 117 116 104 101 110 116 105 99 97 116 105 111 110 32 114 101 113 117 105 114 101 100 13 10]
[ERROR][aof.go:145] 2022/11/27 11:02:26 exec err [45 78 79 65 85 84 72 32 65 117 116 104 101 110 116 105 99 97 116 105 111 110 32 114 101 113 117 105 114 101 100 13 10]
[ERROR][aof.go:145] 2022/11/27 11:02:26 exec err [45 78 79 65 85 84 72 32 65 117 116 104 101 110 116 105 99 97 116 105 111 110 32 114 101 113 117 105 114 101 100 13 10]
[ERROR][aof.go:145] 2022/11/27 11:02:26 exec err [45 78 79 65 85 84 72 32 65 117 116 104 101 110 116 105 99 97 116 105 111 110 32 114 101 113 117 105 114 101 100 13 10]
[ERROR][aof.go:145] 2022/11/27 11:02:26 exec err [45 78 79 65 85 84 72 32 65 117 116 104 101 110 116 105 99 97 116 105 111 110 32 114 101 113 117 105 114 101 100 13 10]
[ERROR][aof.go:145] 2022/11/27 11:02:26 exec err [45 78 79 65 85 84 72 32 65 117 116 104 101 110 116 105 99 97 116 105 111 110 32 114 101 113 117 105 114 101 100 13 10]
[INFO][server.go:41] 2022/11/27 11:02:26 bid: 0.0.0.0:6370, start listening...
[INFO][server.go:70] 2022/11/27 11:02:29 accept link
[ERROR][aof.go:145] 2022/11/27 11:02:35 exec err [45 78 79 65 85 84 72 32 65 117 116 104 101 110 116 105 99 97 116 105 111 110 32 114 101 113 117 105 114 101 100 13 10]
[ERROR][aof.go:145] 2022/11/27 11:02:35 exec err [45 78 79 65 85 84 72 32 65 117 116 104 101 110 116 105 99 97 116 105 111 110 32 114 101 113 117 105 114 101 100 13 10]
[ERROR][aof.go:145] 2022/11/27 11:02:35 exec err [45 78 79 65 85 84 72 32 65 117 116 104 101 110 116 105 99 97 116 105 111 110 32 114 101 113 117 105 114 101 100 13 10]
[ERROR][aof.go:145] 2022/11/27 11:02:35 exec err [45 78 79 65 85 84 72 32 65 117 116 104 101 110 116 105 99 97 116 105 111 110 32 114 101 113 117 105 114 101 100 13 10]
[ERROR][aof.go:145] 2022/11/27 11:02:35 exec err [45 78 79 65 85 84 72 32 65 117 116 104 101 110 116 105 99 97 116 105 111 110 32 114 101 113 117 105 114 101 100 13 10]
[ERROR][aof.go:145] 2022/11/27 11:02:35 exec err [45 78 79 65 85 84 72 32 65 117 116 104 101 110 116 105 99 97 116 105 111 110 32 114 101 113 117 105 114 101 100 13 10]
[ERROR][aof.go:145] 2022/11/27 11:02:35 exec err [45 78 79 65 85 84 72 32 65 117 116 104 101 110 116 105 99 97 116 105 111 110 32 114 101 113 117 105 114 101 100 13 10]
[ERROR][aof.go:145] 2022/11/27 11:02:35 exec err [45 78 79 65 85 84 72 32 65 117 116 104 101 110 116 105 99 97 116 105 111 110 32 114 101 113 117 105 114 101 100 13 10]
[ERROR][aof.go:145] 2022/11/27 11:02:35 exec err [45 78 79 65 85 84 72 32 65 117 116 104 101 110 116 105 99 97 116 105 111 110 32 114 101 113 117 105 114 101 100 13 10]
[ERROR][aof.go:145] 2022/11/27 11:02:35 exec err [45 78 79 65 85 84 72 32 65 117 116 104 101 110 116 105 99 97 116 105 111 110 32 114 101 113 117 105 114 101 100 13 10]
[ERROR][aof.go:145] 2022/11/27 11:02:35 exec err [45 78 79 65 85 84 72 32 65 117 116 104 101 110 116 105 99 97 116 105 111 110 32 114 101 113 117 105 114 101 100 13 10]
[ERROR][aof.go:145] 2022/11/27 11:02:35 exec err [45 78 79 65 85 84 72 32 65 117 116 104 101 110 116 105 99 97 116 105 111 110 32 114 101 113 117 105 114 101 100 13 10]
[INFO][server.go:51] 2022/11/27 11:03:40 shutting down...
[INFO][server.go:98] 2022/11/27 11:03:40 handler shutting down...
[ERROR][aof.go:145] 2022/11/27 11:03:42 exec err -NOAUTH Authentication required

[ERROR][aof.go:145] 2022/11/27 11:03:42 exec err -NOAUTH Authentication required

[ERROR][aof.go:145] 2022/11/27 11:03:42 exec err -NOAUTH Authentication required

[ERROR][aof.go:145] 2022/11/27 11:03:42 exec err -NOAUTH Authentication required

[ERROR][aof.go:145] 2022/11/27 11:03:42 exec err -NOAUTH Authentication required

[ERROR][aof.go:145] 2022/11/27 11:03:42 exec err -NOAUTH Authentication required

[ERROR][aof.go:145] 2022/11/27 11:03:42 exec err -NOAUTH Authentication required

[ERROR][aof.go:145] 2022/11/27 11:03:42 exec err -NOAUTH Authentication required

[ERROR][aof.go:145] 2022/11/27 11:03:42 exec err -NOAUTH Authentication required

[ERROR][aof.go:145] 2022/11/27 11:03:42 exec err -NOAUTH Authentication required

[ERROR][aof.go:145] 2022/11/27 11:03:42 exec err -NOAUTH Authentication required

[ERROR][aof.go:145] 2022/11/27 11:03:42 exec err -NOAUTH Authentication required

[ERROR][aof.go:145] 2022/11/27 11:03:42 exec err -NOAUTH Authentication required

[INFO][server.go:41] 2022/11/27 11:03:42 bid: 0.0.0.0:6370, start listening...
[INFO][server.go:70] 2022/11/27 11:03:49 accept link
[ERROR][aof.go:145] 2022/11/27 11:03:51 exec err -NOAUTH Authentication required

[ERROR][aof.go:145] 2022/11/27 11:03:51 exec err -NOAUTH Authentication required

[ERROR][aof.go:145] 2022/11/27 11:03:51 exec err -NOAUTH Authentication required

[ERROR][aof.go:145] 2022/11/27 11:03:51 exec err -NOAUTH Authentication required

[ERROR][aof.go:145] 2022/11/27 11:03:51 exec err -NOAUTH Authentication required

[ERROR][aof.go:145] 2022/11/27 11:03:51 exec err -NOAUTH Authentication required

[ERROR][aof.go:145] 2022/11/27 11:03:51 exec err -NOAUTH Authentication required

[ERROR][aof.go:145] 2022/11/27 11:03:51 exec err -NOAUTH Authentication required

[ERROR][aof.go:145] 2022/11/27 11:03:51 exec err -NOAUTH Authentication required

[ERROR][aof.go:145] 2022/11/27 11:03:51 exec err -NOAUTH Authentication required

[ERROR][aof.go:145] 2022/11/27 11:03:51 exec err -NOAUTH Authentication required

[ERROR][aof.go:145] 2022/11/27 11:03:51 exec err -NOAUTH Authentication required

[ERROR][aof.go:145] 2022/11/27 11:03:51 exec err -NOAUTH Authentication required

[ERROR][aof.go:145] 2022/11/27 11:04:12 exec err -NOAUTH Authentication required

[ERROR][aof.go:145] 2022/11/27 11:04:12 exec err -NOAUTH Authentication required

[ERROR][aof.go:145] 2022/11/27 11:04:12 exec err -NOAUTH Authentication required

[ERROR][aof.go:145] 2022/11/27 11:04:12 exec err -NOAUTH Authentication required

[ERROR][aof.go:145] 2022/11/27 11:04:12 exec err -NOAUTH Authentication required

[ERROR][aof.go:145] 2022/11/27 11:04:12 exec err -NOAUTH Authentication required

[ERROR][aof.go:145] 2022/11/27 11:04:12 exec err -NOAUTH Authentication required

[ERROR][aof.go:145] 2022/11/27 11:04:12 exec err -NOAUTH Authentication required

[ERROR][aof.go:145] 2022/11/27 11:04:12 exec err -NOAUTH Authentication required

[ERROR][aof.go:145] 2022/11/27 11:04:12 exec err -NOAUTH Authentication required

[ERROR][aof.go:145] 2022/11/27 11:04:12 exec err -NOAUTH Authentication required

[ERROR][aof.go:145] 2022/11/27 11:04:12 exec err -NOAUTH Authentication required

[ERROR][aof.go:145] 2022/11/27 11:04:12 exec err -NOAUTH Authentication required

[ERROR][aof.go:145] 2022/11/27 11:04:12 exec err -NOAUTH Authentication required

[ERROR][aof.go:145] 2022/11/27 11:04:13 exec err -NOAUTH Authentication required

[ERROR][aof.go:145] 2022/11/27 11:04:13 exec err -NOAUTH Authentication required

[ERROR][aof.go:145] 2022/11/27 11:04:13 exec err -NOAUTH Authentication required

[ERROR][aof.go:145] 2022/11/27 11:04:13 exec err -NOAUTH Authentication required

[ERROR][aof.go:145] 2022/11/27 11:04:13 exec err -NOAUTH Authentication required

[ERROR][aof.go:145] 2022/11/27 11:04:13 exec err -NOAUTH Authentication required

[ERROR][aof.go:145] 2022/11/27 11:04:13 exec err -NOAUTH Authentication required

[ERROR][aof.go:145] 2022/11/27 11:04:13 exec err -NOAUTH Authentication required

[ERROR][aof.go:145] 2022/11/27 11:04:13 exec err -NOAUTH Authentication required

[ERROR][aof.go:145] 2022/11/27 11:04:13 exec err -NOAUTH Authentication required

[ERROR][aof.go:145] 2022/11/27 11:04:13 exec err -NOAUTH Authentication required

[ERROR][aof.go:145] 2022/11/27 11:04:13 exec err -NOAUTH Authentication required

[ERROR][aof.go:145] 2022/11/27 11:04:13 exec err -NOAUTH Authentication required

[ERROR][aof.go:145] 2022/11/27 11:04:13 exec err -NOAUTH Authentication required

[ERROR][aof.go:145] 2022/11/27 11:04:13 exec err -NOAUTH Authentication required

[ERROR][aof.go:145] 2022/11/27 11:04:14 exec err -NOAUTH Authentication required

[ERROR][aof.go:145] 2022/11/27 11:04:14 exec err -NOAUTH Authentication required

[ERROR][aof.go:145] 2022/11/27 11:04:14 exec err -NOAUTH Authentication required

[ERROR][aof.go:145] 2022/11/27 11:04:14 exec err -NOAUTH Authentication required

[ERROR][aof.go:145] 2022/11/27 11:04:14 exec err -NOAUTH Authentication required

[ERROR][aof.go:145] 2022/11/27 11:04:14 exec err -NOAUTH Authentication required

[ERROR][aof.go:145] 2022/11/27 11:04:14 exec err -NOAUTH Authentication required

[ERROR][aof.go:145] 2022/11/27 11:04:14 exec err -NOAUTH Authentication required

[ERROR][aof.go:145] 2022/11/27 11:04:14 exec err -NOAUTH Authentication required

[ERROR][aof.go:145] 2022/11/27 11:04:14 exec err -NOAUTH Authentication required

[ERROR][aof.go:145] 2022/11/27 11:04:14 exec err -NOAUTH Authentication required

[ERROR][aof.go:145] 2022/11/27 11:04:14 exec err -NOAUTH Authentication required

[ERROR][aof.go:145] 2022/11/27 11:04:14 exec err -NOAUTH Authentication required

[ERROR][aof.go:145] 2022/11/27 11:04:14 exec err -NOAUTH Authentication required

[ERROR][aof.go:145] 2022/11/27 11:04:14 exec err -NOAUTH Authentication required

[ERROR][aof.go:145] 2022/11/27 11:04:14 exec err -NOAUTH Authentication required

[ERROR][aof.go:145] 2022/11/27 11:04:15 exec err -NOAUTH Authentication required

[ERROR][aof.go:145] 2022/11/27 11:04:15 exec err -NOAUTH Authentication required

[ERROR][aof.go:145] 2022/11/27 11:04:15 exec err -NOAUTH Authentication required

[ERROR][aof.go:145] 2022/11/27 11:04:15 exec err -NOAUTH Authentication required

[ERROR][aof.go:145] 2022/11/27 11:04:15 exec err -NOAUTH Authentication required

[ERROR][aof.go:145] 2022/11/27 11:04:15 exec err -NOAUTH Authentication required

[ERROR][aof.go:145] 2022/11/27 11:04:15 exec err -NOAUTH Authentication required

[ERROR][aof.go:145] 2022/11/27 11:04:15 exec err -NOAUTH Authentication required

[ERROR][aof.go:145] 2022/11/27 11:04:15 exec err -NOAUTH Authentication required

[ERROR][aof.go:145] 2022/11/27 11:04:15 exec err -NOAUTH Authentication required

[ERROR][aof.go:145] 2022/11/27 11:04:15 exec err -NOAUTH Authentication required

[ERROR][aof.go:145] 2022/11/27 11:04:15 exec err -NOAUTH Authentication required

[ERROR][aof.go:145] 2022/11/27 11:04:15 exec err -NOAUTH Authentication required

[ERROR][aof.go:145] 2022/11/27 11:04:15 exec err -NOAUTH Authentication required

[ERROR][aof.go:145] 2022/11/27 11:04:15 exec err -NOAUTH Authentication required

[ERROR][aof.go:145] 2022/11/27 11:04:15 exec err -NOAUTH Authentication required

[ERROR][aof.go:145] 2022/11/27 11:04:15 exec err -NOAUTH Authentication required

[INFO][server.go:51] 2022/11/27 11:04:38 shutting down...
[INFO][server.go:98] 2022/11/27 11:04:38 handler shutting down...
[INFO][server.go:98] 2022/11/27 11:04:38 handler shutting down...
[INFO][server.go:41] 2022/11/27 11:04:39 bid: 0.0.0.0:6370, start listening...
[INFO][server.go:70] 2022/11/27 11:04:48 accept link
[INFO][server.go:51] 2022/11/27 11:06:08 shutting down...
[INFO][server.go:98] 2022/11/27 11:06:08 handler shutting down...
[INFO][server.go:98] 2022/11/27 11:06:08 handler shutting down...
[INFO][server.go:41] 2022/11/27 11:06:09 bid: 0.0.0.0:6370, start listening...
[INFO][server.go:70] 2022/11/27 11:06:12 accept link
[INFO][server.go:64] 2022/11/27 11:06:22 connection closed: 127.0.0.1:39736
[INFO][server.go:70] 2022/11/27 11:06:24 accept link
[INFO][server.go:51] 2022/11/27 11:06:36 shutting down...
[INFO][server.go:98] 2022/11/27 11:06:36 handler shutting down...
[INFO][server.go:41] 2022/11/27 11:06:41 bid: 0.0.0.0:6370, start listening...
[INFO][server.go:70] 2022/11/27 11:06:42 accept link
[INFO][server.go:51] 2022/11/27 11:06:46 shutting down...
[INFO][server.go:98] 2022/11/27 11:06:46 handler shutting down...
